Vivado Simulator 2018.3
Copyright 1986-1999, 2001-2018 Xilinx, Inc. All Rights Reserved.
Running: C:/Xilinx/Vivado/2018.3/bin/unwrapped/win64.o/xelab.exe -wto 8f83ddcf15bf4bedbdc2a5dc50742d0f --incr --debug typical --relax --mt 2 -L xil_defaultlib -L unisims_ver -L secureip --snapshot Main_vivado_TB_func_impl xil_defaultlib.Main_vivado_TB xil_defaultlib.glbl -log elaborate.log 
Using 2 slave threads.
Starting static elaboration
Completed static elaboration
Starting simulation data flow analysis
Completed simulation data flow analysis
Time Resolution for simulation is 1ps
Compiling module unisims_ver.LUT4
Compiling module unisims_ver.x_lut2_mux4
Compiling module unisims_ver.LUT2
Compiling module unisims_ver.LUT5
Compiling module unisims_ver.LUT6
Compiling module unisims_ver.FDPE_default
Compiling module unisims_ver.FDCE_default
Compiling module xil_defaultlib.Main_controllerUnit
Compiling module unisims_ver.x_lut3_mux8
Compiling module unisims_ver.LUT3
Compiling module unisims_ver.FDSE_default
Compiling module unisims_ver.FDRE_default
Compiling module unisims_ver.CARRY8
Compiling module unisims_ver.x_lut1_mux2
Compiling module unisims_ver.LUT1
Compiling module xil_defaultlib.double_adder_1
Compiling module unisims_ver.MUXF7
Compiling module unisims_ver.DSP48E2(ACASCREG=0,ALUMODEREG=0,...
Compiling module unisims_ver.DSP48E2(ALUMODEREG=0,CARRYINREG=...
Compiling module xil_defaultlib.double_multiplier
Compiling module xil_defaultlib.double_divider_newton
Compiling module xil_defaultlib.double_adder
Compiling module xil_defaultlib.double_divider
Compiling module xil_defaultlib.double_sqrt
Compiling module unisims_ver.OBUF
Compiling module unisims_ver.IBUF
Compiling module unisims_ver.BUFGCE(CE_TYPE="ASYNC")
Compiling module unisims_ver.MMCME4_ADV(CLKFBOUT_MULT_F=12.0,...
Compiling module xil_defaultlib.clk_wiz_0_clk_wiz_0_clk_wiz
Compiling module xil_defaultlib.clk_wiz_0
Compiling module xil_defaultlib.adder_0
Compiling module unisims_ver.DSP48E2(ACASCREG=0,ALUMODEREG=0,...
Compiling module xil_defaultlib.multiplier
Compiling module xil_defaultlib.divider_newton
Compiling module xil_defaultlib.adder
Compiling module xil_defaultlib.divider
Compiling module xil_defaultlib.sqrt
Compiling module xil_defaultlib.Main_vivado
Compiling module xil_defaultlib.Main_vivado_TB
Compiling module xil_defaultlib.glbl
Built simulation snapshot Main_vivado_TB_func_impl
