INFO: [VRFC 10-2263] Analyzing Verilog file "F:/Programming/University/05_Computer Aided Digital System Design/CAD_Project/Vivado/project_CAD/project_CAD.sim/sim_1/impl/timing/xsim/Main_vivado_TB_time_impl.v" into library xil_defaultlib
INFO: [VRFC 10-311] analyzing module DSP48E2_UNIQ_BASE_
INFO: [VRFC 10-311] analyzing module DSP48E2_HD1457
INFO: [VRFC 10-311] analyzing module DSP48E2_HD1458
INFO: [VRFC 10-311] analyzing module DSP48E2_HD1459
INFO: [VRFC 10-311] analyzing module DSP48E2_HD1460
INFO: [VRFC 10-311] analyzing module DSP48E2_HD1461
INFO: [VRFC 10-311] analyzing module DSP48E2_HD1462
INFO: [VRFC 10-311] analyzing module DSP48E2_HD1463
INFO: [VRFC 10-311] analyzing module DSP48E2_HD1464
INFO: [VRFC 10-311] analyzing module DSP48E2_HD1663
INFO: [VRFC 10-311] analyzing module DSP48E2_HD1664
INFO: [VRFC 10-311] analyzing module IBUF_UNIQ_BASE_
INFO: [VRFC 10-311] analyzing module IBUF_HD1465
INFO: [VRFC 10-311] analyzing module IBUF_HD1466
INFO: [VRFC 10-311] analyzing module IBUF_HD1467
INFO: [VRFC 10-311] analyzing module IBUF_HD1468
INFO: [VRFC 10-311] analyzing module IBUF_HD1469
INFO: [VRFC 10-311] analyzing module IBUF_HD1470
INFO: [VRFC 10-311] analyzing module IBUF_HD1471
INFO: [VRFC 10-311] analyzing module IBUF_HD1472
INFO: [VRFC 10-311] analyzing module IBUF_HD1473
INFO: [VRFC 10-311] analyzing module IBUF_HD1474
INFO: [VRFC 10-311] analyzing module IBUF_HD1475
INFO: [VRFC 10-311] analyzing module IBUF_HD1476
INFO: [VRFC 10-311] analyzing module IBUF_HD1477
INFO: [VRFC 10-311] analyzing module IBUF_HD1478
INFO: [VRFC 10-311] analyzing module IBUF_HD1479
INFO: [VRFC 10-311] analyzing module IBUF_HD1480
INFO: [VRFC 10-311] analyzing module IBUF_HD1481
INFO: [VRFC 10-311] analyzing module IBUF_HD1482
INFO: [VRFC 10-311] analyzing module IBUF_HD1483
INFO: [VRFC 10-311] analyzing module IBUF_HD1484
INFO: [VRFC 10-311] analyzing module IBUF_HD1485
INFO: [VRFC 10-311] analyzing module IBUF_HD1486
INFO: [VRFC 10-311] analyzing module IBUF_HD1487
INFO: [VRFC 10-311] analyzing module IBUF_HD1488
INFO: [VRFC 10-311] analyzing module IBUF_HD1489
INFO: [VRFC 10-311] analyzing module IBUF_HD1490
INFO: [VRFC 10-311] analyzing module IBUF_HD1491
INFO: [VRFC 10-311] analyzing module IBUF_HD1492
INFO: [VRFC 10-311] analyzing module IBUF_HD1493
INFO: [VRFC 10-311] analyzing module IBUF_HD1494
INFO: [VRFC 10-311] analyzing module IBUF_HD1495
INFO: [VRFC 10-311] analyzing module IBUF_HD1496
INFO: [VRFC 10-311] analyzing module IBUF_HD1497
INFO: [VRFC 10-311] analyzing module IBUF_HD1498
INFO: [VRFC 10-311] analyzing module IBUF_HD1499
INFO: [VRFC 10-311] analyzing module IBUF_HD1500
INFO: [VRFC 10-311] analyzing module IBUF_HD1501
INFO: [VRFC 10-311] analyzing module IBUF_HD1502
INFO: [VRFC 10-311] analyzing module IBUF_HD1503
INFO: [VRFC 10-311] analyzing module IBUF_HD1504
INFO: [VRFC 10-311] analyzing module IBUF_HD1505
INFO: [VRFC 10-311] analyzing module IBUF_HD1506
INFO: [VRFC 10-311] analyzing module IBUF_HD1507
INFO: [VRFC 10-311] analyzing module IBUF_HD1508
INFO: [VRFC 10-311] analyzing module IBUF_HD1509
INFO: [VRFC 10-311] analyzing module IBUF_HD1510
INFO: [VRFC 10-311] analyzing module IBUF_HD1511
INFO: [VRFC 10-311] analyzing module IBUF_HD1512
INFO: [VRFC 10-311] analyzing module IBUF_HD1513
INFO: [VRFC 10-311] analyzing module IBUF_HD1514
INFO: [VRFC 10-311] analyzing module IBUF_HD1515
INFO: [VRFC 10-311] analyzing module IBUF_HD1516
INFO: [VRFC 10-311] analyzing module IBUF_HD1517
INFO: [VRFC 10-311] analyzing module IBUF_HD1518
INFO: [VRFC 10-311] analyzing module IBUF_HD1519
INFO: [VRFC 10-311] analyzing module IBUF_HD1520
INFO: [VRFC 10-311] analyzing module IBUF_HD1521
INFO: [VRFC 10-311] analyzing module IBUF_HD1522
INFO: [VRFC 10-311] analyzing module IBUF_HD1523
INFO: [VRFC 10-311] analyzing module IBUF_HD1524
INFO: [VRFC 10-311] analyzing module IBUF_HD1525
INFO: [VRFC 10-311] analyzing module IBUF_HD1526
INFO: [VRFC 10-311] analyzing module IBUF_HD1527
INFO: [VRFC 10-311] analyzing module IBUF_HD1528
INFO: [VRFC 10-311] analyzing module IBUF_HD1529
INFO: [VRFC 10-311] analyzing module IBUF_HD1530
INFO: [VRFC 10-311] analyzing module IBUF_HD1531
INFO: [VRFC 10-311] analyzing module IBUF_HD1532
INFO: [VRFC 10-311] analyzing module IBUF_HD1533
INFO: [VRFC 10-311] analyzing module IBUF_HD1534
INFO: [VRFC 10-311] analyzing module IBUF_HD1535
INFO: [VRFC 10-311] analyzing module IBUF_HD1536
INFO: [VRFC 10-311] analyzing module IBUF_HD1537
INFO: [VRFC 10-311] analyzing module IBUF_HD1538
INFO: [VRFC 10-311] analyzing module IBUF_HD1539
INFO: [VRFC 10-311] analyzing module IBUF_HD1540
INFO: [VRFC 10-311] analyzing module IBUF_HD1541
INFO: [VRFC 10-311] analyzing module IBUF_HD1542
INFO: [VRFC 10-311] analyzing module IBUF_HD1543
INFO: [VRFC 10-311] analyzing module IBUF_HD1544
INFO: [VRFC 10-311] analyzing module IBUF_HD1545
INFO: [VRFC 10-311] analyzing module IBUF_HD1546
INFO: [VRFC 10-311] analyzing module IBUF_HD1547
INFO: [VRFC 10-311] analyzing module IBUF_HD1548
INFO: [VRFC 10-311] analyzing module IBUF_HD1549
INFO: [VRFC 10-311] analyzing module IBUF_HD1550
INFO: [VRFC 10-311] analyzing module IBUF_HD1551
INFO: [VRFC 10-311] analyzing module IBUF_HD1552
INFO: [VRFC 10-311] analyzing module IBUF_HD1553
INFO: [VRFC 10-311] analyzing module IBUF_HD1554
INFO: [VRFC 10-311] analyzing module IBUF_HD1555
INFO: [VRFC 10-311] analyzing module IBUF_HD1556
INFO: [VRFC 10-311] analyzing module IBUF_HD1557
INFO: [VRFC 10-311] analyzing module IBUF_HD1558
INFO: [VRFC 10-311] analyzing module IBUF_HD1559
INFO: [VRFC 10-311] analyzing module IBUF_HD1560
INFO: [VRFC 10-311] analyzing module IBUF_HD1561
INFO: [VRFC 10-311] analyzing module IBUF_HD1562
INFO: [VRFC 10-311] analyzing module IBUF_HD1563
INFO: [VRFC 10-311] analyzing module IBUF_HD1564
INFO: [VRFC 10-311] analyzing module IBUF_HD1565
INFO: [VRFC 10-311] analyzing module IBUF_HD1566
INFO: [VRFC 10-311] analyzing module IBUF_HD1567
INFO: [VRFC 10-311] analyzing module IBUF_HD1568
INFO: [VRFC 10-311] analyzing module IBUF_HD1569
INFO: [VRFC 10-311] analyzing module IBUF_HD1570
INFO: [VRFC 10-311] analyzing module IBUF_HD1571
INFO: [VRFC 10-311] analyzing module IBUF_HD1572
INFO: [VRFC 10-311] analyzing module IBUF_HD1573
INFO: [VRFC 10-311] analyzing module IBUF_HD1574
INFO: [VRFC 10-311] analyzing module IBUF_HD1575
INFO: [VRFC 10-311] analyzing module IBUF_HD1576
INFO: [VRFC 10-311] analyzing module IBUF_HD1577
INFO: [VRFC 10-311] analyzing module IBUF_HD1578
INFO: [VRFC 10-311] analyzing module IBUF_HD1579
INFO: [VRFC 10-311] analyzing module IBUF_HD1580
INFO: [VRFC 10-311] analyzing module IBUF_HD1581
INFO: [VRFC 10-311] analyzing module IBUF_HD1582
INFO: [VRFC 10-311] analyzing module IBUF_HD1583
INFO: [VRFC 10-311] analyzing module IBUF_HD1584
INFO: [VRFC 10-311] analyzing module IBUF_HD1585
INFO: [VRFC 10-311] analyzing module IBUF_HD1586
INFO: [VRFC 10-311] analyzing module IBUF_HD1587
INFO: [VRFC 10-311] analyzing module IBUF_HD1588
INFO: [VRFC 10-311] analyzing module IBUF_HD1589
INFO: [VRFC 10-311] analyzing module IBUF_HD1590
INFO: [VRFC 10-311] analyzing module IBUF_HD1591
INFO: [VRFC 10-311] analyzing module IBUF_HD1592
INFO: [VRFC 10-311] analyzing module IBUF_HD1593
INFO: [VRFC 10-311] analyzing module IBUF_HD1594
INFO: [VRFC 10-311] analyzing module IBUF_HD1595
INFO: [VRFC 10-311] analyzing module IBUF_HD1596
INFO: [VRFC 10-311] analyzing module IBUF_HD1597
INFO: [VRFC 10-311] analyzing module IBUF_HD1598
INFO: [VRFC 10-311] analyzing module IBUF_HD1599
INFO: [VRFC 10-311] analyzing module IBUF_HD1600
INFO: [VRFC 10-311] analyzing module IBUF_HD1601
INFO: [VRFC 10-311] analyzing module IBUF_HD1602
INFO: [VRFC 10-311] analyzing module IBUF_HD1603
INFO: [VRFC 10-311] analyzing module IBUF_HD1604
INFO: [VRFC 10-311] analyzing module IBUF_HD1605
INFO: [VRFC 10-311] analyzing module IBUF_HD1606
INFO: [VRFC 10-311] analyzing module IBUF_HD1607
INFO: [VRFC 10-311] analyzing module IBUF_HD1608
INFO: [VRFC 10-311] analyzing module IBUF_HD1609
INFO: [VRFC 10-311] analyzing module IBUF_HD1610
INFO: [VRFC 10-311] analyzing module IBUF_HD1611
INFO: [VRFC 10-311] analyzing module IBUF_HD1612
INFO: [VRFC 10-311] analyzing module IBUF_HD1613
INFO: [VRFC 10-311] analyzing module IBUF_HD1614
INFO: [VRFC 10-311] analyzing module IBUF_HD1615
INFO: [VRFC 10-311] analyzing module IBUF_HD1616
INFO: [VRFC 10-311] analyzing module IBUF_HD1617
INFO: [VRFC 10-311] analyzing module IBUF_HD1618
INFO: [VRFC 10-311] analyzing module IBUF_HD1619
INFO: [VRFC 10-311] analyzing module IBUF_HD1620
INFO: [VRFC 10-311] analyzing module IBUF_HD1621
INFO: [VRFC 10-311] analyzing module IBUF_HD1622
INFO: [VRFC 10-311] analyzing module IBUF_HD1623
INFO: [VRFC 10-311] analyzing module IBUF_HD1624
INFO: [VRFC 10-311] analyzing module IBUF_HD1625
INFO: [VRFC 10-311] analyzing module IBUF_HD1626
INFO: [VRFC 10-311] analyzing module IBUF_HD1627
INFO: [VRFC 10-311] analyzing module IBUF_HD1628
INFO: [VRFC 10-311] analyzing module IBUF_HD1629
INFO: [VRFC 10-311] analyzing module IBUF_HD1630
INFO: [VRFC 10-311] analyzing module IBUF_HD1631
INFO: [VRFC 10-311] analyzing module IBUF_HD1632
INFO: [VRFC 10-311] analyzing module IBUF_HD1633
INFO: [VRFC 10-311] analyzing module IBUF_HD1634
INFO: [VRFC 10-311] analyzing module IBUF_HD1635
INFO: [VRFC 10-311] analyzing module IBUF_HD1636
INFO: [VRFC 10-311] analyzing module IBUF_HD1637
INFO: [VRFC 10-311] analyzing module IBUF_HD1638
INFO: [VRFC 10-311] analyzing module IBUF_HD1639
INFO: [VRFC 10-311] analyzing module IBUF_HD1640
INFO: [VRFC 10-311] analyzing module IBUF_HD1641
INFO: [VRFC 10-311] analyzing module IBUF_HD1642
INFO: [VRFC 10-311] analyzing module IBUF_HD1643
INFO: [VRFC 10-311] analyzing module IBUF_HD1644
INFO: [VRFC 10-311] analyzing module IBUF_HD1645
INFO: [VRFC 10-311] analyzing module IBUF_HD1646
INFO: [VRFC 10-311] analyzing module IBUF_HD1647
INFO: [VRFC 10-311] analyzing module IBUF_HD1648
INFO: [VRFC 10-311] analyzing module IBUF_HD1649
INFO: [VRFC 10-311] analyzing module IBUF_HD1650
INFO: [VRFC 10-311] analyzing module IBUF_HD1651
INFO: [VRFC 10-311] analyzing module IBUF_HD1652
INFO: [VRFC 10-311] analyzing module IBUF_HD1653
INFO: [VRFC 10-311] analyzing module IBUF_HD1654
INFO: [VRFC 10-311] analyzing module IBUF_HD1655
INFO: [VRFC 10-311] analyzing module IBUF_HD1656
INFO: [VRFC 10-311] analyzing module IBUF_HD1657
INFO: [VRFC 10-311] analyzing module IBUF_HD1658
INFO: [VRFC 10-311] analyzing module IBUF_HD1659
INFO: [VRFC 10-311] analyzing module IBUF_HD1660
INFO: [VRFC 10-311] analyzing module IBUF_HD1661
INFO: [VRFC 10-311] analyzing module IBUF_HD1662
INFO: [VRFC 10-311] analyzing module Main_controllerUnit
INFO: [VRFC 10-311] analyzing module Main_vivado
INFO: [VRFC 10-311] analyzing module adder
INFO: [VRFC 10-311] analyzing module adder_0
INFO: [VRFC 10-311] analyzing module clk_wiz_0
INFO: [VRFC 10-311] analyzing module clk_wiz_0_clk_wiz_0_clk_wiz
INFO: [VRFC 10-311] analyzing module divider
INFO: [VRFC 10-311] analyzing module divider_newton
INFO: [VRFC 10-311] analyzing module double_adder
INFO: [VRFC 10-311] analyzing module double_adder_1
INFO: [VRFC 10-311] analyzing module double_divider
INFO: [VRFC 10-311] analyzing module double_divider_newton
INFO: [VRFC 10-311] analyzing module double_multiplier
INFO: [VRFC 10-311] analyzing module double_sqrt
INFO: [VRFC 10-311] analyzing module multiplier
INFO: [VRFC 10-311] analyzing module sqrt
INFO: [VRFC 10-311] analyzing module glbl
INFO: [VRFC 10-2263] Analyzing Verilog file "F:/Programming/University/05_Computer Aided Digital System Design/CAD_Project/ModelSim/Main_vivado_TB.v" into library xil_defaultlib
INFO: [VRFC 10-311] analyzing module Main_vivado_TB
